$ tsup src/index.ts --format cjs,esm --clean
CLI Building entry: src/index.ts
CLI Using tsconfig: ../../tsconfig.json
CLI tsup v8.5.0
CLI Target: es2020
CLI Cleaning output folder
CJS Build start
ESM Build start

 WARN  [33m▲ [43;33m[[43;30mWARNING[43;33m][0m [1mThe condition "types" here will never be used as it comes after both "import" and "require"[0m [package.json]

    package.json:12:6:
[37m      12 │       [32m"types"[37m: "./dist/index.d.ts"
         ╵       [32m~~~~~~~[0m

  The "import" condition comes earlier and will be used for all "import" statements:

    package.json:11:6:
[37m      11 │       [32m"import"[37m: "./dist/index.mjs",
         ╵       [32m~~~~~~~~[0m

  The "require" condition comes earlier and will be used for all "require" calls:

    package.json:10:6:
[37m      10 │       [32m"require"[37m: "./dist/index.js",
         ╵       [32m~~~~~~~~~[0m




 WARN  [33m▲ [43;33m[[43;30mWARNING[43;33m][0m [1mThe condition "types" here will never be used as it comes after both "import" and "require"[0m [package.json]

    package.json:12:6:
[37m      12 │       [32m"types"[37m: "./dist/index.d.ts"
         ╵       [32m~~~~~~~[0m

  The "import" condition comes earlier and will be used for all "import" statements:

    package.json:11:6:
[37m      11 │       [32m"import"[37m: "./dist/index.mjs",
         ╵       [32m~~~~~~~~[0m

  The "require" condition comes earlier and will be used for all "require" calls:

    package.json:10:6:
[37m      10 │       [32m"require"[37m: "./dist/index.js",
         ╵       [32m~~~~~~~~~[0m



CJS dist/index.js 10.58 KB
CJS ⚡️ Build success in 37ms
ESM dist/index.mjs 8.92 KB
ESM ⚡️ Build success in 37ms
